2015-Aug-28 12:52:07 +0530 Pamus-MacBook-Pro.local INFO [wiki.handler] - 
-=[ wiki started successfully using the development profile ]=-
2015-Aug-28 12:54:07 +0530 Pamus-MacBook-Pro.local INFO [wiki.handler] - wiki is shutting down...
2015-Aug-28 12:54:07 +0530 Pamus-MacBook-Pro.local INFO [wiki.handler] - shutdown complete!
2015-Aug-28 12:54:23 +0530 Pamus-MacBook-Pro.local INFO [wiki.handler] - 
-=[ wiki started successfully using the development profile ]=-
2015-Aug-28 13:06:13 +0530 Pamus-MacBook-Pro.local INFO [wiki.handler] - wiki is shutting down...
2015-Aug-28 13:06:13 +0530 Pamus-MacBook-Pro.local INFO [wiki.handler] - shutdown complete!
2015-Aug-28 13:07:35 +0530 Pamus-MacBook-Pro.local INFO [wiki.handler] - 
-=[ wiki started successfully using the development profile ]=-
2015-Aug-28 13:09:33 +0530 Pamus-MacBook-Pro.local INFO [wiki.handler] - wiki is shutting down...
2015-Aug-28 13:09:33 +0530 Pamus-MacBook-Pro.local INFO [wiki.handler] - shutdown complete!
2015-Aug-28 13:16:19 +0530 Pamus-MacBook-Pro.local INFO [wiki.handler] - 
-=[ wiki started successfully using the development profile ]=-
2015-Aug-28 13:23:54 +0530 Pamus-MacBook-Pro.local INFO [wiki.handler] - wiki is shutting down...
2015-Aug-28 13:23:54 +0530 Pamus-MacBook-Pro.local INFO [wiki.handler] - shutdown complete!
2015-Aug-28 13:27:05 +0530 Pamus-MacBook-Pro.local INFO [wiki.handler] - 
-=[ wiki started successfully using the development profile ]=-
2015-Aug-28 13:38:30 +0530 Pamus-MacBook-Pro.local INFO [wiki.handler] - wiki is shutting down...
2015-Aug-28 13:38:30 +0530 Pamus-MacBook-Pro.local INFO [wiki.handler] - shutdown complete!
2015-Aug-28 21:55:30 +0530 Pamus-MacBook-Pro.local INFO [wiki.handler] - 
-=[ wiki started successfully using the development profile ]=-
2015-Aug-28 22:40:29 +0530 Pamus-MacBook-Pro.local ERROR [wiki.processor.core] - Database Exception #error {
 :cause clojure.lang.LazySeq cannot be cast to clojure.lang.IFn
 :via
 [{:type java.lang.ClassCastException
   :message clojure.lang.LazySeq cannot be cast to clojure.lang.IFn
   :at [wiki.processor.core$process_create invoke core.clj 70]}]
 :trace
 [[wiki.processor.core$process_create invoke core.clj 70]
  [wiki.routes.home$fn__13051 invoke home.clj 25]
  [compojure.core$make_route$fn__3047 invoke core.clj 113]
  [compojure.core$wrap_route_middleware$fn__3043 invoke core.clj 103]
  [compojure.core$if_route$fn__3022 invoke core.clj 41]
  [compojure.core$if_method$fn__3014 invoke core.clj 27]
  [compojure.core$routing$fn__3053 invoke core.clj 127]
  [clojure.core$some invoke core.clj 2568]
  [compojure.core$routing doInvoke core.clj 127]
  [clojure.lang.RestFn applyTo RestFn.java 139]
  [clojure.core$apply invoke core.clj 630]
  [compojure.core$routes$fn__3057 invoke core.clj 132]
  [compojure.core$routing$fn__3053 invoke core.clj 127]
  [clojure.core$some invoke core.clj 2568]
  [compojure.core$routing doInvoke core.clj 127]
  [clojure.lang.RestFn applyTo RestFn.java 139]
  [clojure.core$apply invoke core.clj 630]
  [compojure.core$routes$fn__3057 invoke core.clj 132]
  [selmer.middleware$wrap_error_page$fn__8546 invoke middleware.clj 9]
  [prone.middleware$wrap_exceptions$fn__8711 invoke middleware.clj 81]
  [ring.middleware.session_timeout$wrap_idle_session_timeout$fn__10106 invoke session_timeout.clj 25]
  [ring.middleware.format_params$wrap_format_params$fn__10385 invoke format_params.clj 113]
  [ring.middleware.format_params$wrap_format_params$fn__10385 invoke format_params.clj 113]
  [ring.middleware.format_params$wrap_format_params$fn__10385 invoke format_params.clj 113]
  [ring.middleware.format_params$wrap_format_params$fn__10385 invoke format_params.clj 113]
  [ring.middleware.format_params$wrap_format_params$fn__10385 invoke format_params.clj 113]
  [ring.middleware.format_response$wrap_format_response$fn__11127 invoke format_response.clj 175]
  [ring.middleware.flash$wrap_flash$fn__8770 invoke flash.clj 35]
  [ring.middleware.session$wrap_session$fn__9768 invoke session.clj 98]
  [ring.middleware.keyword_params$wrap_keyword_params$fn__9802 invoke keyword_params.clj 35]
  [ring.middleware.nested_params$wrap_nested_params$fn__9852 invoke nested_params.clj 84]
  [ring.middleware.multipart_params$wrap_multipart_params$fn__9895 invoke multipart_params.clj 118]
  [ring.middleware.params$wrap_params$fn__3280 invoke params.clj 64]
  [ring.middleware.cookies$wrap_cookies$fn__9647 invoke cookies.clj 158]
  [ring.middleware.absolute_redirects$wrap_absolute_redirects$fn__10033 invoke absolute_redirects.clj 36]
  [ring.middleware.resource$wrap_resource$fn__9925 invoke resource.clj 26]
  [ring.middleware.content_type$wrap_content_type$fn__9990 invoke content_type.clj 30]
  [ring.middleware.default_charset$wrap_default_charset$fn__10010 invoke default_charset.clj 26]
  [ring.middleware.not_modified$wrap_not_modified$fn__9971 invoke not_modified.clj 44]
  [ring.middleware.x_headers$wrap_xss_protection$fn__8748 invoke x_headers.clj 71]
  [ring.middleware.x_headers$wrap_frame_options$fn__8736 invoke x_headers.clj 38]
  [ring.middleware.x_headers$wrap_content_type_options$fn__8742 invoke x_headers.clj 53]
  [wiki.middleware$wrap_servlet_context$fn__11204 invoke middleware.clj 26]
  [wiki.middleware$wrap_internal_error$fn__11210 invoke middleware.clj 31]
  [clojure.lang.Var invoke Var.java 379]
  [ring.middleware.reload$wrap_reload$fn__1388 invoke reload.clj 22]
  [ring.middleware.stacktrace$wrap_stacktrace_log$fn__849 invoke stacktrace.clj 23]
  [ring.middleware.stacktrace$wrap_stacktrace_web$fn__911 invoke stacktrace.clj 86]
  [ring.adapter.jetty$proxy_handler$fn__97 invoke jetty.clj 20]
  [ring.adapter.jetty.proxy$org.eclipse.jetty.server.handler.AbstractHandler$ff19274a handle nil -1]
  [org.eclipse.jetty.server.handler.HandlerWrapper handle HandlerWrapper.java 116]
  [org.eclipse.jetty.server.Server handle Server.java 369]
  [org.eclipse.jetty.server.AbstractHttpConnection handleRequest AbstractHttpConnection.java 486]
  [org.eclipse.jetty.server.AbstractHttpConnection headerComplete AbstractHttpConnection.java 933]
  [org.eclipse.jetty.server.AbstractHttpConnection$RequestHandler headerComplete AbstractHttpConnection.java 995]
  [org.eclipse.jetty.http.HttpParser parseNext HttpParser.java 644]
  [org.eclipse.jetty.http.HttpParser parseAvailable HttpParser.java 235]
  [org.eclipse.jetty.server.AsyncHttpConnection handle AsyncHttpConnection.java 82]
  [org.eclipse.jetty.io.nio.SelectChannelEndPoint handle SelectChannelEndPoint.java 668]
  [org.eclipse.jetty.io.nio.SelectChannelEndPoint$1 run SelectChannelEndPoint.java 52]
  [org.eclipse.jetty.util.thread.QueuedThreadPool runJob QueuedThreadPool.java 608]
  [org.eclipse.jetty.util.thread.QueuedThreadPool$3 run QueuedThreadPool.java 543]
  [java.lang.Thread run Thread.java 745]]}
2015-Aug-28 22:40:35 +0530 Pamus-MacBook-Pro.local ERROR [wiki.processor.core] - Database Exception #error {
 :cause clojure.lang.LazySeq cannot be cast to clojure.lang.IFn
 :via
 [{:type java.lang.ClassCastException
   :message clojure.lang.LazySeq cannot be cast to clojure.lang.IFn
   :at [wiki.processor.core$process_create invoke core.clj 70]}]
 :trace
 [[wiki.processor.core$process_create invoke core.clj 70]
  [wiki.routes.home$fn__13051 invoke home.clj 25]
  [compojure.core$make_route$fn__3047 invoke core.clj 113]
  [compojure.core$wrap_route_middleware$fn__3043 invoke core.clj 103]
  [compojure.core$if_route$fn__3022 invoke core.clj 41]
  [compojure.core$if_method$fn__3014 invoke core.clj 27]
  [compojure.core$routing$fn__3053 invoke core.clj 127]
  [clojure.core$some invoke core.clj 2568]
  [compojure.core$routing doInvoke core.clj 127]
  [clojure.lang.RestFn applyTo RestFn.java 139]
  [clojure.core$apply invoke core.clj 630]
  [compojure.core$routes$fn__3057 invoke core.clj 132]
  [compojure.core$routing$fn__3053 invoke core.clj 127]
  [clojure.core$some invoke core.clj 2568]
  [compojure.core$routing doInvoke core.clj 127]
  [clojure.lang.RestFn applyTo RestFn.java 139]
  [clojure.core$apply invoke core.clj 630]
  [compojure.core$routes$fn__3057 invoke core.clj 132]
  [selmer.middleware$wrap_error_page$fn__8546 invoke middleware.clj 9]
  [prone.middleware$wrap_exceptions$fn__8711 invoke middleware.clj 81]
  [ring.middleware.session_timeout$wrap_idle_session_timeout$fn__10106 invoke session_timeout.clj 25]
  [ring.middleware.format_params$wrap_format_params$fn__10385 invoke format_params.clj 113]
  [ring.middleware.format_params$wrap_format_params$fn__10385 invoke format_params.clj 113]
  [ring.middleware.format_params$wrap_format_params$fn__10385 invoke format_params.clj 113]
  [ring.middleware.format_params$wrap_format_params$fn__10385 invoke format_params.clj 113]
  [ring.middleware.format_params$wrap_format_params$fn__10385 invoke format_params.clj 113]
  [ring.middleware.format_response$wrap_format_response$fn__11127 invoke format_response.clj 175]
  [ring.middleware.flash$wrap_flash$fn__8770 invoke flash.clj 35]
  [ring.middleware.session$wrap_session$fn__9768 invoke session.clj 98]
  [ring.middleware.keyword_params$wrap_keyword_params$fn__9802 invoke keyword_params.clj 35]
  [ring.middleware.nested_params$wrap_nested_params$fn__9852 invoke nested_params.clj 84]
  [ring.middleware.multipart_params$wrap_multipart_params$fn__9895 invoke multipart_params.clj 118]
  [ring.middleware.params$wrap_params$fn__3280 invoke params.clj 64]
  [ring.middleware.cookies$wrap_cookies$fn__9647 invoke cookies.clj 158]
  [ring.middleware.absolute_redirects$wrap_absolute_redirects$fn__10033 invoke absolute_redirects.clj 36]
  [ring.middleware.resource$wrap_resource$fn__9925 invoke resource.clj 26]
  [ring.middleware.content_type$wrap_content_type$fn__9990 invoke content_type.clj 30]
  [ring.middleware.default_charset$wrap_default_charset$fn__10010 invoke default_charset.clj 26]
  [ring.middleware.not_modified$wrap_not_modified$fn__9971 invoke not_modified.clj 44]
  [ring.middleware.x_headers$wrap_xss_protection$fn__8748 invoke x_headers.clj 71]
  [ring.middleware.x_headers$wrap_frame_options$fn__8736 invoke x_headers.clj 38]
  [ring.middleware.x_headers$wrap_content_type_options$fn__8742 invoke x_headers.clj 53]
  [wiki.middleware$wrap_servlet_context$fn__11204 invoke middleware.clj 26]
  [wiki.middleware$wrap_internal_error$fn__11210 invoke middleware.clj 31]
  [clojure.lang.Var invoke Var.java 379]
  [ring.middleware.reload$wrap_reload$fn__1388 invoke reload.clj 22]
  [ring.middleware.stacktrace$wrap_stacktrace_log$fn__849 invoke stacktrace.clj 23]
  [ring.middleware.stacktrace$wrap_stacktrace_web$fn__911 invoke stacktrace.clj 86]
  [ring.adapter.jetty$proxy_handler$fn__97 invoke jetty.clj 20]
  [ring.adapter.jetty.proxy$org.eclipse.jetty.server.handler.AbstractHandler$ff19274a handle nil -1]
  [org.eclipse.jetty.server.handler.HandlerWrapper handle HandlerWrapper.java 116]
  [org.eclipse.jetty.server.Server handle Server.java 369]
  [org.eclipse.jetty.server.AbstractHttpConnection handleRequest AbstractHttpConnection.java 486]
  [org.eclipse.jetty.server.AbstractHttpConnection headerComplete AbstractHttpConnection.java 933]
  [org.eclipse.jetty.server.AbstractHttpConnection$RequestHandler headerComplete AbstractHttpConnection.java 995]
  [org.eclipse.jetty.http.HttpParser parseNext HttpParser.java 644]
  [org.eclipse.jetty.http.HttpParser parseAvailable HttpParser.java 235]
  [org.eclipse.jetty.server.AsyncHttpConnection handle AsyncHttpConnection.java 82]
  [org.eclipse.jetty.io.nio.SelectChannelEndPoint handle SelectChannelEndPoint.java 668]
  [org.eclipse.jetty.io.nio.SelectChannelEndPoint$1 run SelectChannelEndPoint.java 52]
  [org.eclipse.jetty.util.thread.QueuedThreadPool runJob QueuedThreadPool.java 608]
  [org.eclipse.jetty.util.thread.QueuedThreadPool$3 run QueuedThreadPool.java 543]
  [java.lang.Thread run Thread.java 745]]}
2015-Aug-28 22:45:32 +0530 Pamus-MacBook-Pro.local INFO [wiki.handler] - wiki is shutting down...
2015-Aug-28 22:45:32 +0530 Pamus-MacBook-Pro.local INFO [wiki.handler] - shutdown complete!
2015-Aug-29 00:08:28 +0530 Pamus-MacBook-Pro.local INFO [wiki.handler] - 
-=[ wiki started successfully using the development profile ]=-
